public class Main { public static void main(String[] args) {Scanner in = new Scanner(System.in); --> KEYWORD
int --> KEYWORD
n --> CONSTANT
, --> DELIMITER
sum --> IDENTIFIER
, --> DELIMITER
contor --> IDENTIFIER
; --> DELIMITER
n --> CONSTANT
= --> OPERATOR
in.nextInt() --> KEYWORD
; --> DELIMITER
sum --> IDENTIFIER
= --> OPERATOR
0; --> CONSTANT
contor --> IDENTIFIER
= --> OPERATOR
0; --> CONSTANT
while --> KEYWORD
( --> DELIMITER
contor --> IDENTIFIER
< --> OPERATOR
n --> CONSTANT
) --> DELIMITER
{ --> DELIMITER
int --> KEYWORD
nr --> IDENTIFIER
; --> DELIMITER
nr --> IDENTIFIER
= --> OPERATOR
in.nextInt() --> KEYWORD
; --> DELIMITER
sum --> IDENTIFIER
= --> OPERATOR
sum --> IDENTIFIER
+ --> OPERATOR
nr --> IDENTIFIER
; --> DELIMITER
contor --> IDENTIFIER
= --> OPERATOR
contor --> IDENTIFIER
+ --> OPERATOR
1; --> CONSTANT
} --> DELIMITER
System.out.println --> KEYWORD
( --> DELIMITER
sum --> IDENTIFIER
) --> DELIMITER
; --> DELIMITER
} --> DELIMITER
} --> DELIMITER
