public class Main { public static void main(String[] args) {Scanner in = new Scanner(System.in); --> KEYWORD
int --> KEYWORD
f --> IDENTIFIER
, --> DELIMITER
a1 --> IDENTIFIER
, --> DELIMITER
a2 --> IDENTIFIER
, --> DELIMITER
a3 --> IDENTIFIER
; --> DELIMITER
a1 --> IDENTIFIER
= --> OPERATOR
7 --> CONSTANT
; --> DELIMITER
a2 --> IDENTIFIER
= --> OPERATOR
11 --> CONSTANT
; --> DELIMITER
a3 --> IDENTIFIER
= --> OPERATOR
a1 --> IDENTIFIER
+ --> OPERATOR
a2 --> IDENTIFIER
+ --> OPERATOR
3 --> CONSTANT
; --> DELIMITER
f --> IDENTIFIER
= --> OPERATOR
5 --> CONSTANT
; --> DELIMITER
f --> IDENTIFIER
= --> OPERATOR
f --> IDENTIFIER
+ --> OPERATOR
3 --> CONSTANT
; --> DELIMITER
System.out.println --> KEYWORD
( --> DELIMITER
a3 --> IDENTIFIER
) --> DELIMITER
; --> DELIMITER
} --> DELIMITER
} --> DELIMITER
} --> DELIMITER
} --> DELIMITER
