public class Main { public static void main(String[] args) {Scanner in = new Scanner(System.in); --> KEYWORD
int --> KEYWORD
vAR --> IDENTIFIER
, --> DELIMITER
a1 --> IDENTIFIER
, --> DELIMITER
_a2 --> IDENTIFIER
, --> DELIMITER
$a3 --> IDENTIFIER
; --> DELIMITER
a1 --> IDENTIFIER
= --> OPERATOR
0b101111 --> CONSTANT
; --> DELIMITER
_a2 --> IDENTIFIER
= --> OPERATOR
-11 --> CONSTANT
; --> DELIMITER
$a3 --> IDENTIFIER
= --> OPERATOR
a1 --> IDENTIFIER
+ --> OPERATOR
_a2 --> IDENTIFIER
+ --> OPERATOR
0xA --> CONSTANT
; --> DELIMITER
vAR --> IDENTIFIER
= --> OPERATOR
5 --> CONSTANT
; --> DELIMITER
VaR --> IDENTIFIER
= --> OPERATOR
vAR --> IDENTIFIER
+ --> OPERATOR
3.5 --> CONSTANT
; --> DELIMITER
System.out.println --> KEYWORD
( --> DELIMITER
$a3 --> IDENTIFIER
) --> DELIMITER
; --> DELIMITER
} --> DELIMITER
} --> DELIMITER
} --> DELIMITER
} --> DELIMITER
